Arguments: 
  /usr/bin/node /usr/bin/yarn build

PATH: 
  /home/white_mage/.vscode-server/bin/b3e4e68a0bc097f0ae7907b217c1119af9e03435/bin/remote-cli:/home/white_mage/.local/bin:/home/white_mage/.cargo/bin:/usr/local/sbin:/usr/local/bin:/usr/sbin:/usr/bin:/sbin:/bin:/usr/games:/usr/local/games:/usr/lib/wsl/lib:/mnt/c/Windows/system32:/mnt/c/Windows:/mnt/c/Windows/System32/Wbem:/mnt/c/Windows/System32/WindowsPowerShell/v1.0/:/mnt/c/Windows/System32/OpenSSH/:/mnt/c/Program Files (x86)/dotnet/:/mnt/c/Program Files/dotnet/:/mnt/c/Users/ghodr/AppData/Local/Microsoft/WindowsApps:/mnt/c/Users/ghodr/AppData/Local/Programs/Microsoft VS Code/bin:/snap/bin:/home/white_mage/.protostar/dist/protostar:/home/white_mage/.protostar/dist/protostar

Yarn version: 
  1.22.19

Node version: 
  16.20.0

Platform: 
  linux x64

Trace: 
  SyntaxError: /usr/Codes/kelony/city_predict/package.json: Unexpected string in JSON at position 161
      at JSON.parse (<anonymous>)
      at /usr/lib/node_modules/yarn/lib/cli.js:1629:59
      at Generator.next (<anonymous>)
      at step (/usr/lib/node_modules/yarn/lib/cli.js:310:30)
      at /usr/lib/node_modules/yarn/lib/cli.js:321:13

npm manifest: 
  {
    "name": "rome",
    "version": "1.0.0",
    "main": "main.js",
    "author": "kelony",
    "license": "MIT",
    "devDependencies": {
      "typescript": "^5.0.4"
    }
    "scripts": {
      "build": "tsc"
    }
  }

yarn manifest: 
  No manifest

Lockfile: 
  # THIS IS AN AUTOGENERATED FILE. DO NOT EDIT THIS FILE DIRECTLY.
  # yarn lockfile v1
  
  
  typescript@^5.0.4:
    version "5.0.4"
    resolved "https://registry.yarnpkg.com/typescript/-/typescript-5.0.4.tgz#b217fd20119bd61a94d4011274e0ab369058da3b"
    integrity sha512-cW9T5W9xY37cc+jfEnaUvX91foxtHkza3Nw3wkoF4sSlKn0MONdkdEndig/qPBWXNkmplh3NzayQzCiHM4/hqw==
